2019-06-06 14:54:28,777 INFO o.a.j.u.JMeterUtils: Setting Locale to en_EN
2019-06-06 14:54:28,790 INFO o.a.j.JMeter: Loading user properties from: E:\久其软件\自动化测试\Jmeter\apache-jmeter-5.0\bin\user.properties
2019-06-06 14:54:28,790 INFO o.a.j.JMeter: Loading system properties from: E:\久其软件\自动化测试\Jmeter\apache-jmeter-5.0\bin\system.properties
2019-06-06 14:54:28,796 INFO o.a.j.JMeter: Copyright (c) 1998-2018 The Apache Software Foundation
2019-06-06 14:54:28,796 INFO o.a.j.JMeter: Version 5.0 r1840935
2019-06-06 14:54:28,796 INFO o.a.j.JMeter: java.version=1.8.0_181
2019-06-06 14:54:28,796 INFO o.a.j.JMeter: java.vm.name=Java HotSpot(TM) 64-Bit Server VM
2019-06-06 14:54:28,796 INFO o.a.j.JMeter: os.name=Windows 7
2019-06-06 14:54:28,796 INFO o.a.j.JMeter: os.arch=amd64
2019-06-06 14:54:28,796 INFO o.a.j.JMeter: os.version=6.1
2019-06-06 14:54:28,796 INFO o.a.j.JMeter: file.encoding=GBK
2019-06-06 14:54:28,797 INFO o.a.j.JMeter: Max memory     =1073741824
2019-06-06 14:54:28,797 INFO o.a.j.JMeter: Available Processors =4
2019-06-06 14:54:28,800 INFO o.a.j.JMeter: Default Locale=English (EN)
2019-06-06 14:54:28,800 INFO o.a.j.JMeter: JMeter  Locale=English (EN)
2019-06-06 14:54:28,800 INFO o.a.j.JMeter: JMeterHome=E:\久其软件\自动化测试\Jmeter\apache-jmeter-5.0
2019-06-06 14:54:28,800 INFO o.a.j.JMeter: user.dir  =E:\久其软件\自动化测试\Jmeter\apache-jmeter-5.0
2019-06-06 14:54:28,801 INFO o.a.j.JMeter: PWD       =E:\久其软件\自动化测试\Jmeter\apache-jmeter-5.0
2019-06-06 14:54:28,802 INFO o.a.j.JMeter: IP: 10.31.0.59 Name: jq-PC FullName: 10.31.0.59
2019-06-06 14:54:28,803 INFO o.a.j.JMeter: Setting property 'jmeter.reportgenerator.outputdir' to:'E:\久其软件\自动化测试\Jmeter\apache-jmeter-5.0\report\report'
2019-06-06 14:54:28,805 INFO o.a.j.s.FileServer: Default base='E:\久其软件\自动化测试\Jmeter\apache-jmeter-5.0'
2019-06-06 14:54:28,812 INFO o.a.j.s.FileServer: Set new base='E:\久其软件\自动化测试\Jmeter\apache-jmeter-5.0\script\jmx'
2019-06-06 14:54:28,928 INFO o.a.j.s.SaveService: Testplan (JMX) version: 2.2. Testlog (JTL) version: 2.2
2019-06-06 14:54:28,939 INFO o.a.j.s.SaveService: Using SaveService properties file encoding UTF-8
2019-06-06 14:54:28,943 INFO o.a.j.s.SaveService: Using SaveService properties version 5.0
2019-06-06 14:54:28,948 INFO o.a.j.s.SaveService: Loading file: E:\久其软件\自动化测试\Jmeter\apache-jmeter-5.0\script\jmx\performance_Login_Check.jmx
2019-06-06 14:54:28,982 INFO o.a.j.p.h.c.CookieManager: Settings: Delete null: true Check: true Allow variable: true Save: false Prefix: COOKIE_
2019-06-06 14:54:28,991 INFO o.a.j.p.h.s.HTTPSamplerBase: Parser for text/html is org.apache.jmeter.protocol.http.parser.LagartoBasedHtmlParser
2019-06-06 14:54:28,991 INFO o.a.j.p.h.s.HTTPSamplerBase: Parser for application/xhtml+xml is org.apache.jmeter.protocol.http.parser.LagartoBasedHtmlParser
2019-06-06 14:54:28,991 INFO o.a.j.p.h.s.HTTPSamplerBase: Parser for application/xml is org.apache.jmeter.protocol.http.parser.LagartoBasedHtmlParser
2019-06-06 14:54:28,991 INFO o.a.j.p.h.s.HTTPSamplerBase: Parser for text/xml is org.apache.jmeter.protocol.http.parser.LagartoBasedHtmlParser
2019-06-06 14:54:28,991 INFO o.a.j.p.h.s.HTTPSamplerBase: Parser for text/vnd.wap.wml is org.apache.jmeter.protocol.http.parser.RegexpHTMLParser
2019-06-06 14:54:28,991 INFO o.a.j.p.h.s.HTTPSamplerBase: Parser for text/css is org.apache.jmeter.protocol.http.parser.CssParser
2019-06-06 14:54:29,029 INFO o.a.j.JMeter: Creating summariser <summary>
2019-06-06 14:54:29,033 INFO o.a.j.r.d.ReportGenerator: ReportGenerator will use for Parsing the separator: ','
2019-06-06 14:54:29,033 INFO o.a.j.r.d.ReportGenerator: Will generate report at end of test from  results file: E:\久其软件\自动化测试\Jmeter\apache-jmeter-5.0\report\log\result.log
2019-06-06 14:54:29,034 INFO o.a.j.r.d.ReportGenerator: Reading report generator properties from: E:\久其软件\自动化测试\Jmeter\apache-jmeter-5.0\bin\reportgenerator.properties
2019-06-06 14:54:29,038 INFO o.a.j.r.d.ReportGenerator: Merging with JMeter properties
2019-06-06 14:54:29,059 INFO o.a.j.r.c.ReportGeneratorConfiguration: Property 'jmeter.reportgenerator.temp_dir' not found, using default value 'temp' instead.
2019-06-06 14:54:29,061 INFO o.a.j.r.c.ReportGeneratorConfiguration: Property 'jmeter.reportgenerator.apdex_per_transaction' not found, using default value 'null' instead.
2019-06-06 14:54:29,061 INFO o.a.j.r.c.ReportGeneratorConfiguration: apdex_per_transaction : {} is empty, not APDEX per transaction customization
2019-06-06 14:54:29,062 INFO o.a.j.r.c.ReportGeneratorConfiguration: Property 'jmeter.reportgenerator.sample_filter' not found, using default value 'null' instead.
2019-06-06 14:54:29,062 INFO o.a.j.r.c.ReportGeneratorConfiguration: Property 'jmeter.reportgenerator.report_title' not found, using default value 'null' instead.
2019-06-06 14:54:29,062 INFO o.a.j.r.c.ReportGeneratorConfiguration: Property 'jmeter.reportgenerator.start_date' not found, using default value 'null' instead.
2019-06-06 14:54:29,062 INFO o.a.j.r.c.ReportGeneratorConfiguration: Property 'jmeter.reportgenerator.end_date' not found, using default value 'null' instead.
2019-06-06 14:54:29,062 INFO o.a.j.r.c.ReportGeneratorConfiguration: Property 'jmeter.reportgenerator.date_format' not found, using default value 'null' instead.
2019-06-06 14:54:29,062 INFO o.a.j.r.c.ReportGeneratorConfiguration: Will use date range start date: null, end date: null
2019-06-06 14:54:29,076 INFO o.a.j.r.c.ReportGeneratorConfiguration: Property 'jmeter.reportgenerator.graph.totalTPS.exclude_controllers' not found, using default value 'false' instead.
2019-06-06 14:54:29,076 INFO o.a.j.r.c.ReportGeneratorConfiguration: Property 'jmeter.reportgenerator.graph.activeThreadsOverTime.exclude_controllers' not found, using default value 'false' instead.
2019-06-06 14:54:29,076 INFO o.a.j.r.c.ReportGeneratorConfiguration: Property 'jmeter.reportgenerator.graph.timeVsThreads.exclude_controllers' not found, using default value 'false' instead.
2019-06-06 14:54:29,076 INFO o.a.j.r.c.ReportGeneratorConfiguration: Property 'jmeter.reportgenerator.graph.responseTimeDistribution.exclude_controllers' not found, using default value 'false' instead.
2019-06-06 14:54:29,077 INFO o.a.j.r.c.ReportGeneratorConfiguration: Property 'jmeter.reportgenerator.graph.transactionsPerSecond.exclude_controllers' not found, using default value 'false' instead.
2019-06-06 14:54:29,077 INFO o.a.j.r.c.ReportGeneratorConfiguration: Property 'jmeter.reportgenerator.graph.responseTimePercentiles.exclude_controllers' not found, using default value 'false' instead.
2019-06-06 14:54:29,077 INFO o.a.j.r.c.ReportGeneratorConfiguration: Property 'jmeter.reportgenerator.graph.responseTimePercentilesOverTime.exclude_controllers' not found, using default value 'false' instead.
2019-06-06 14:54:29,077 INFO o.a.j.r.c.ReportGeneratorConfiguration: Property 'jmeter.reportgenerator.graph.responseTimesOverTime.exclude_controllers' not found, using default value 'false' instead.
2019-06-06 14:54:29,077 INFO o.a.j.r.c.ReportGeneratorConfiguration: Property 'jmeter.reportgenerator.graph.connectTimeOverTime.exclude_controllers' not found, using default value 'false' instead.
2019-06-06 14:54:29,078 INFO o.a.j.r.c.ReportGeneratorConfiguration: Property 'jmeter.reportgenerator.graph.latenciesOverTime.exclude_controllers' not found, using default value 'false' instead.
2019-06-06 14:54:29,078 INFO o.a.j.r.c.ReportGeneratorConfiguration: Property 'jmeter.reportgenerator.exporter.html.filters_only_sample_series' not found, using default value 'true' instead.
2019-06-06 14:54:29,078 INFO o.a.j.r.c.ReportGeneratorConfiguration: Property 'jmeter.reportgenerator.exporter.html.series_filter' not found, using default value '' instead.
2019-06-06 14:54:29,079 INFO o.a.j.r.c.ReportGeneratorConfiguration: Property 'jmeter.reportgenerator.exporter.html.show_controllers_only' not found, using default value 'false' instead.
2019-06-06 14:54:29,083 INFO o.a.j.e.StandardJMeterEngine: Running the test!
2019-06-06 14:54:29,085 INFO o.a.j.s.SampleEvent: List of sample_variables: []
2019-06-06 14:54:29,085 INFO o.a.j.s.SampleEvent: List of sample_variables: []
2019-06-06 14:54:29,089 INFO o.a.j.e.u.CompoundVariable: Note: Function class names must contain the string: '.functions.'
2019-06-06 14:54:29,090 INFO o.a.j.e.u.CompoundVariable: Note: Function class names must not contain the string: '.gui.'
2019-06-06 14:54:29,416 INFO o.a.j.JMeter: Running test (1559804069416)
2019-06-06 14:54:29,448 INFO o.a.j.e.StandardJMeterEngine: Starting ThreadGroup: 1 : 线程组1
2019-06-06 14:54:29,448 INFO o.a.j.e.StandardJMeterEngine: Starting 1 threads for group 线程组1.
2019-06-06 14:54:29,448 INFO o.a.j.e.StandardJMeterEngine: Thread will continue on error
2019-06-06 14:54:29,448 INFO o.a.j.t.ThreadGroup: Starting thread group... number=1 threads=1 ramp-up=1 perThread=1000.0 delayedStart=false
2019-06-06 14:54:29,452 INFO o.a.j.t.ThreadGroup: Started thread group number 1
2019-06-06 14:54:29,453 INFO o.a.j.e.StandardJMeterEngine: All thread groups have been started
2019-06-06 14:54:29,459 INFO o.a.j.t.JMeterThread: Thread started: 线程组1 1-1
2019-06-06 14:54:29,460 INFO o.a.j.s.FileServer: Stored: E:/久其软件/自动化测试/Jmeter/apache-jmeter-5.0/script/testdata/performance-testData.csv
2019-06-06 14:54:29,473 INFO o.a.j.p.h.s.HTTPHCAbstractImpl: Local host = jq-PC
2019-06-06 14:54:29,477 INFO o.a.j.p.h.s.HTTPHC4Impl: HTTP request retry count = 0
2019-06-06 14:54:29,478 INFO o.a.j.s.SampleResult: Note: Sample TimeStamps are START times
2019-06-06 14:54:29,479 INFO o.a.j.s.SampleResult: sampleresult.default.encoding is set to ISO-8859-1
2019-06-06 14:54:29,479 INFO o.a.j.s.SampleResult: sampleresult.useNanoTime=true
2019-06-06 14:54:29,479 INFO o.a.j.s.SampleResult: sampleresult.nanoThreadSleep=5000
2019-06-06 14:54:29,617 INFO o.a.j.t.JMeterThread: Thread is done: 线程组1 1-1
2019-06-06 14:54:29,618 INFO o.a.j.t.JMeterThread: Thread finished: 线程组1 1-1
2019-06-06 14:54:29,618 INFO o.a.j.e.StandardJMeterEngine: Notifying test listeners of end of test
2019-06-06 14:54:29,618 INFO o.a.j.s.FileServer: Close: E:/久其软件/自动化测试/Jmeter/apache-jmeter-5.0/script/testdata/performance-testData.csv
2019-06-06 14:54:29,620 INFO o.a.j.r.Summariser: summary =      5 in 00:00:00 =   24.6/s Avg:    19 Min:     4 Max:    44 Err:     0 (0.00%)
2019-06-06 14:54:29,620 INFO o.a.j.JMeter: Generating Dashboard
2019-06-06 14:54:29,620 INFO o.a.j.r.d.ReportGenerator: Flushing result collector before report Generation
2019-06-06 14:54:29,627 INFO o.a.j.r.p.NormalizerSampleConsumer: Using format, 'yyyy/MM/dd HH:mm:ss', to parse timeStamp field
2019-06-06 14:54:29,986 INFO o.a.j.r.p.AbstractSampleConsumer: class org.apache.jmeter.report.processor.AggregateConsumer#stopProducing(): beginDate produced 0 samples
2019-06-06 14:54:29,986 INFO o.a.j.r.p.AbstractSampleConsumer: class org.apache.jmeter.report.processor.AggregateConsumer#stopProducing(): endDate produced 0 samples
2019-06-06 14:54:29,988 INFO o.a.j.r.p.AbstractSampleConsumer: class org.apache.jmeter.report.processor.ApdexSummaryConsumer#stopProducing(): apdexSummary produced 0 samples
2019-06-06 14:54:29,988 INFO o.a.j.r.p.AbstractSampleConsumer: class org.apache.jmeter.report.processor.RequestsSummaryConsumer#stopProducing(): requestsSummary produced 0 samples
2019-06-06 14:54:30,012 INFO o.a.j.r.p.AbstractSampleConsumer: class org.apache.jmeter.report.processor.StatisticsSummaryConsumer#stopProducing(): statisticsSummary produced 0 samples
2019-06-06 14:54:30,024 INFO o.a.j.r.p.AbstractSampleConsumer: class org.apache.jmeter.report.processor.Top5ErrorsBySamplerConsumer#stopProducing(): top5ErrorsBySampler produced 0 samples
2019-06-06 14:54:30,024 INFO o.a.j.r.p.AbstractSampleConsumer: class org.apache.jmeter.report.processor.ErrorsSummaryConsumer#stopProducing(): errorsSummary produced 0 samples
2019-06-06 14:54:30,024 INFO o.a.j.r.p.AbstractSampleConsumer: class org.apache.jmeter.report.processor.graph.impl.HitsPerSecondGraphConsumer#stopProducing(): hitsPerSecond produced 0 samples
2019-06-06 14:54:30,033 INFO o.a.j.r.p.AbstractSampleConsumer: class org.apache.jmeter.report.processor.graph.impl.LatencyVSRequestGraphConsumer#stopProducing(): latencyVsRequest produced 0 samples
2019-06-06 14:54:30,033 INFO o.a.j.r.p.AbstractSampleConsumer: class org.apache.jmeter.report.processor.graph.impl.SyntheticResponseTimeDistributionGraphConsumer#stopProducing(): syntheticResponseTimeDistribution produced 0 samples
2019-06-06 14:54:30,033 INFO o.a.j.r.p.AbstractSampleConsumer: class org.apache.jmeter.report.processor.graph.impl.BytesThroughputGraphConsumer#stopProducing(): bytesThroughputOverTime produced 0 samples
2019-06-06 14:54:30,034 INFO o.a.j.r.p.AbstractSampleConsumer: class org.apache.jmeter.report.processor.graph.impl.CodesPerSecondGraphConsumer#stopProducing(): codesPerSecond produced 0 samples
2019-06-06 14:54:30,036 INFO o.a.j.r.p.AbstractSampleConsumer: class org.apache.jmeter.report.processor.graph.impl.ResponseTimeVSRequestGraphConsumer#stopProducing(): responseTimeVsRequest produced 0 samples
2019-06-06 14:54:30,036 INFO o.a.j.r.p.AbstractSampleConsumer: class org.apache.jmeter.report.processor.FilterConsumer#stopProducing(): startIntervalControlerFilter produced 35 samples
2019-06-06 14:54:30,036 INFO o.a.j.r.p.AbstractSampleConsumer: class org.apache.jmeter.report.processor.graph.impl.TotalTPSGraphConsumer#stopProducing(): totalTPS produced 0 samples
2019-06-06 14:54:30,036 INFO o.a.j.r.p.AbstractSampleConsumer: class org.apache.jmeter.report.processor.graph.impl.ActiveThreadsGraphConsumer#stopProducing(): activeThreadsOverTime produced 0 samples
2019-06-06 14:54:30,037 INFO o.a.j.r.p.AbstractSampleConsumer: class org.apache.jmeter.report.processor.graph.impl.TimeVSThreadGraphConsumer#stopProducing(): timeVsThreads produced 0 samples
2019-06-06 14:54:30,037 INFO o.a.j.r.p.AbstractSampleConsumer: class org.apache.jmeter.report.processor.graph.impl.ResponseTimeDistributionGraphConsumer#stopProducing(): responseTimeDistribution produced 0 samples
2019-06-06 14:54:30,037 INFO o.a.j.r.p.AbstractSampleConsumer: class org.apache.jmeter.report.processor.graph.impl.TransactionsPerSecondGraphConsumer#stopProducing(): transactionsPerSecond produced 0 samples
2019-06-06 14:54:30,037 INFO o.a.j.r.p.AbstractSampleConsumer: class org.apache.jmeter.report.processor.graph.impl.ResponseTimePercentilesGraphConsumer#stopProducing(): responseTimePercentiles produced 0 samples
2019-06-06 14:54:30,040 INFO o.a.j.r.p.AbstractSampleConsumer: class org.apache.jmeter.report.processor.graph.impl.ResponseTimePercentilesOverTimeGraphConsumer#stopProducing(): responseTimePercentilesOverTime produced 0 samples
2019-06-06 14:54:30,040 INFO o.a.j.r.p.AbstractSampleConsumer: class org.apache.jmeter.report.processor.graph.impl.ResponseTimeOverTimeGraphConsumer#stopProducing(): responseTimesOverTime produced 0 samples
2019-06-06 14:54:30,040 INFO o.a.j.r.p.AbstractSampleConsumer: class org.apache.jmeter.report.processor.graph.impl.ConnectTimeOverTimeGraphConsumer#stopProducing(): connectTimeOverTime produced 0 samples
2019-06-06 14:54:30,041 INFO o.a.j.r.p.AbstractSampleConsumer: class org.apache.jmeter.report.processor.graph.impl.LatencyOverTimeGraphConsumer#stopProducing(): latenciesOverTime produced 0 samples
2019-06-06 14:54:30,041 INFO o.a.j.r.p.AbstractSampleConsumer: class org.apache.jmeter.report.processor.FilterConsumer#stopProducing(): nameFilter produced 75 samples
2019-06-06 14:54:30,041 INFO o.a.j.r.p.AbstractSampleConsumer: class org.apache.jmeter.report.processor.FilterConsumer#stopProducing(): dateRangeFilter produced 15 samples
2019-06-06 14:54:30,041 INFO o.a.j.r.p.AbstractSampleConsumer: class org.apache.jmeter.report.processor.NormalizerSampleConsumer#stopProducing(): normalizer produced 5 samples
2019-06-06 14:54:30,041 INFO o.a.j.r.p.CsvFileSampleSource: produce(): 5 samples produced in 395ms on channel 0
2019-06-06 14:54:30,041 INFO o.a.j.r.d.ReportGenerator: Exporting data using exporter:'html' of className:'org.apache.jmeter.report.dashboard.HtmlTemplateExporter'
2019-06-06 14:54:30,043 INFO o.a.j.r.d.HtmlTemplateExporter: Will generate dashboard in folder: E:\久其软件\自动化测试\Jmeter\apache-jmeter-5.0\report\report
2019-06-06 14:54:30,237 INFO o.a.j.r.d.HtmlTemplateExporter: Report will be generated in: E:\久其软件\自动化测试\Jmeter\apache-jmeter-5.0\report\report, creating folder structure
2019-06-06 14:54:31,401 INFO o.a.j.JMeter: Dashboard generated
