2020-06-12 15:13:55,081 INFO o.a.j.u.JMeterUtils: Setting Locale to en_EN
2020-06-12 15:13:55,093 INFO o.a.j.JMeter: Loading user properties from: user.properties
2020-06-12 15:13:55,099 INFO o.a.j.JMeter: Loading system properties from: system.properties
2020-06-12 15:13:55,119 INFO o.a.j.JMeter: Copyright (c) 1998-2018 The Apache Software Foundation
2020-06-12 15:13:55,120 INFO o.a.j.JMeter: Version 5.0 r1840935
2020-06-12 15:13:55,120 INFO o.a.j.JMeter: java.version=1.8.0_181
2020-06-12 15:13:55,120 INFO o.a.j.JMeter: java.vm.name=Java HotSpot(TM) 64-Bit Server VM
2020-06-12 15:13:55,120 INFO o.a.j.JMeter: os.name=Windows 10
2020-06-12 15:13:55,120 INFO o.a.j.JMeter: os.arch=amd64
2020-06-12 15:13:55,120 INFO o.a.j.JMeter: os.version=10.0
2020-06-12 15:13:55,121 INFO o.a.j.JMeter: file.encoding=GBK
2020-06-12 15:13:55,121 INFO o.a.j.JMeter: Max memory     =2147483648
2020-06-12 15:13:55,121 INFO o.a.j.JMeter: Available Processors =6
2020-06-12 15:13:55,126 INFO o.a.j.JMeter: Default Locale=English (EN)
2020-06-12 15:13:55,126 INFO o.a.j.JMeter: JMeter  Locale=English (EN)
2020-06-12 15:13:55,126 INFO o.a.j.JMeter: JMeterHome=D:\software\Jmeter-Ant\apache-jmeter-5.0
2020-06-12 15:13:55,126 INFO o.a.j.JMeter: user.dir  =D:\software\Jmeter-Ant\apache-jmeter-5.0\bin
2020-06-12 15:13:55,126 INFO o.a.j.JMeter: PWD       =D:\software\Jmeter-Ant\apache-jmeter-5.0\bin
2020-06-12 15:13:55,131 INFO o.a.j.JMeter: IP: 192.168.2.108 Name: hest-xxjsb FullName: hest-xxjsb
2020-06-12 15:13:55,562 INFO o.a.j.g.a.LookAndFeelCommand: Installing Darcula LAF
2020-06-12 15:13:55,579 INFO o.a.j.g.a.LookAndFeelCommand: Using look and feel: com.bulenkov.darcula.DarculaLaf [Darcula]
2020-06-12 15:13:55,579 INFO o.a.j.JMeter: Setting LAF to: com.bulenkov.darcula.DarculaLaf
2020-06-12 15:13:55,654 INFO o.a.j.JMeter: Loaded icon properties from org/apache/jmeter/images/icon.properties
2020-06-12 15:13:56,833 INFO o.a.j.e.u.CompoundVariable: Note: Function class names must contain the string: '.functions.'
2020-06-12 15:13:56,833 INFO o.a.j.e.u.CompoundVariable: Note: Function class names must not contain the string: '.gui.'
2020-06-12 15:13:57,696 INFO k.a.j.JMeterPluginsUtils: JMeter-Plugins.org v.1.4.0
2020-06-12 15:13:58,000 INFO o.a.j.u.BSFTestElement: Registering JMeter version of JavaScript engine as work-round for BSF-22
2020-06-12 15:13:58,441 INFO o.a.j.p.h.s.HTTPSamplerBase: Parser for text/html is org.apache.jmeter.protocol.http.parser.LagartoBasedHtmlParser
2020-06-12 15:13:58,441 INFO o.a.j.p.h.s.HTTPSamplerBase: Parser for application/xhtml+xml is org.apache.jmeter.protocol.http.parser.LagartoBasedHtmlParser
2020-06-12 15:13:58,441 INFO o.a.j.p.h.s.HTTPSamplerBase: Parser for application/xml is org.apache.jmeter.protocol.http.parser.LagartoBasedHtmlParser
2020-06-12 15:13:58,441 INFO o.a.j.p.h.s.HTTPSamplerBase: Parser for text/xml is org.apache.jmeter.protocol.http.parser.LagartoBasedHtmlParser
2020-06-12 15:13:58,441 INFO o.a.j.p.h.s.HTTPSamplerBase: Parser for text/vnd.wap.wml is org.apache.jmeter.protocol.http.parser.RegexpHTMLParser
2020-06-12 15:13:58,441 INFO o.a.j.p.h.s.HTTPSamplerBase: Parser for text/css is org.apache.jmeter.protocol.http.parser.CssParser
2020-06-12 15:13:58,866 INFO o.a.j.e.KeyToolUtils: keytool found at 'keytool'
2020-06-12 15:13:58,867 INFO o.a.j.p.h.p.ProxyControl: HTTP(S) Test Script Recorder SSL Proxy will use keys that support embedded 3rd party resources in file D:\software\Jmeter-Ant\apache-jmeter-5.0\bin\proxyserver.jks
2020-06-12 15:13:59,075 INFO o.a.j.s.FileServer: Default base='D:\software\Jmeter-Ant\apache-jmeter-5.0\bin'
2020-06-12 15:13:59,831 INFO o.a.j.s.SampleResult: Note: Sample TimeStamps are START times
2020-06-12 15:13:59,831 INFO o.a.j.s.SampleResult: sampleresult.default.encoding is set to UTF-8
2020-06-12 15:13:59,831 INFO o.a.j.s.SampleResult: sampleresult.useNanoTime=true
2020-06-12 15:13:59,831 INFO o.a.j.s.SampleResult: sampleresult.nanoThreadSleep=5000
2020-06-12 15:14:37,987 INFO o.a.j.s.FileServer: Set new base='C:\Users\admin\Desktop'
2020-06-12 15:14:38,134 INFO o.a.j.s.SaveService: Testplan (JMX) version: 2.2. Testlog (JTL) version: 2.2
2020-06-12 15:14:38,175 INFO o.a.j.s.SaveService: Using SaveService properties file encoding UTF-8
2020-06-12 15:14:38,177 INFO o.a.j.s.SaveService: Using SaveService properties version 5.0
2020-06-12 15:14:38,203 INFO o.a.j.e.StandardJMeterEngine: Running the test!
2020-06-12 15:14:38,203 INFO o.a.j.s.SampleEvent: List of sample_variables: []
2020-06-12 15:14:38,203 INFO o.a.j.s.SampleEvent: List of sample_variables: []
2020-06-12 15:14:38,206 INFO o.a.j.g.u.JMeterMenuBar: setRunning(true, *local*)
2020-06-12 15:14:38,352 INFO o.a.j.e.StandardJMeterEngine: Starting ThreadGroup: 1 : Thread Group
2020-06-12 15:14:38,352 INFO o.a.j.e.StandardJMeterEngine: Starting 1 threads for group Thread Group.
2020-06-12 15:14:38,353 INFO o.a.j.e.StandardJMeterEngine: Thread will continue on error
2020-06-12 15:14:38,353 INFO o.a.j.t.ThreadGroup: Starting thread group... number=1 threads=1 ramp-up=1 perThread=1000.0 delayedStart=false
2020-06-12 15:14:38,361 INFO o.a.j.t.ThreadGroup: Started thread group number 1
2020-06-12 15:14:38,362 INFO o.a.j.e.StandardJMeterEngine: All thread groups have been started
2020-06-12 15:14:38,363 INFO o.a.j.t.JMeterThread: Thread started: Thread Group 1-1
2020-06-12 15:14:38,373 INFO o.a.j.p.h.s.HTTPHCAbstractImpl: Local host = hest-xxjsb
2020-06-12 15:14:38,378 INFO o.a.j.p.h.s.HTTPHC4Impl: HTTP request retry count = 0
2020-06-12 15:14:38,481 INFO o.a.j.t.JMeterThread: Thread is done: Thread Group 1-1
2020-06-12 15:14:38,481 INFO o.a.j.t.JMeterThread: Thread finished: Thread Group 1-1
2020-06-12 15:14:38,482 INFO o.a.j.e.StandardJMeterEngine: Notifying test listeners of end of test
2020-06-12 15:14:38,482 INFO o.a.j.g.u.JMeterMenuBar: setRunning(false, *local*)
2020-06-12 15:15:00,168 INFO o.a.j.e.StandardJMeterEngine: Running the test!
2020-06-12 15:15:00,168 INFO o.a.j.s.SampleEvent: List of sample_variables: []
2020-06-12 15:15:00,170 INFO o.a.j.g.u.JMeterMenuBar: setRunning(true, *local*)
2020-06-12 15:15:00,255 INFO o.a.j.e.StandardJMeterEngine: Starting ThreadGroup: 1 : Thread Group
2020-06-12 15:15:00,255 INFO o.a.j.e.StandardJMeterEngine: Starting 5 threads for group Thread Group.
2020-06-12 15:15:00,255 INFO o.a.j.e.StandardJMeterEngine: Thread will continue on error
2020-06-12 15:15:00,255 INFO o.a.j.t.ThreadGroup: Starting thread group... number=1 threads=5 ramp-up=20 perThread=4000.0 delayedStart=false
2020-06-12 15:15:00,257 INFO o.a.j.t.JMeterThread: Thread started: Thread Group 1-1
2020-06-12 15:15:00,257 INFO o.a.j.t.ThreadGroup: Started thread group number 1
2020-06-12 15:15:00,257 INFO o.a.j.e.StandardJMeterEngine: All thread groups have been started
2020-06-12 15:15:00,291 INFO o.a.j.u.JsseSSLManager: Using default SSL protocol: TLS
2020-06-12 15:15:00,291 INFO o.a.j.u.JsseSSLManager: SSL session context: per-thread
2020-06-12 15:15:00,364 INFO o.a.j.t.JMeterThread: Thread is done: Thread Group 1-1
2020-06-12 15:15:00,365 INFO o.a.j.t.JMeterThread: Thread finished: Thread Group 1-1
2020-06-12 15:15:04,258 INFO o.a.j.t.JMeterThread: Thread started: Thread Group 1-2
2020-06-12 15:15:04,363 INFO o.a.j.t.JMeterThread: Thread is done: Thread Group 1-2
2020-06-12 15:15:04,363 INFO o.a.j.t.JMeterThread: Thread finished: Thread Group 1-2
2020-06-12 15:15:08,258 INFO o.a.j.t.JMeterThread: Thread started: Thread Group 1-3
2020-06-12 15:15:08,446 INFO o.a.j.t.JMeterThread: Thread is done: Thread Group 1-3
2020-06-12 15:15:08,446 INFO o.a.j.t.JMeterThread: Thread finished: Thread Group 1-3
2020-06-12 15:15:12,258 INFO o.a.j.t.JMeterThread: Thread started: Thread Group 1-4
2020-06-12 15:15:12,366 INFO o.a.j.t.JMeterThread: Thread is done: Thread Group 1-4
2020-06-12 15:15:12,366 INFO o.a.j.t.JMeterThread: Thread finished: Thread Group 1-4
2020-06-12 15:15:16,259 INFO o.a.j.t.JMeterThread: Thread started: Thread Group 1-5
2020-06-12 15:15:16,368 INFO o.a.j.t.JMeterThread: Thread is done: Thread Group 1-5
2020-06-12 15:15:16,368 INFO o.a.j.t.JMeterThread: Thread finished: Thread Group 1-5
2020-06-12 15:15:16,368 INFO o.a.j.e.StandardJMeterEngine: Notifying test listeners of end of test
2020-06-12 15:15:16,369 INFO o.a.j.g.u.JMeterMenuBar: setRunning(false, *local*)
2020-06-12 15:15:24,358 INFO o.a.j.e.StandardJMeterEngine: Running the test!
2020-06-12 15:15:24,358 INFO o.a.j.s.SampleEvent: List of sample_variables: []
2020-06-12 15:15:24,359 INFO o.a.j.g.u.JMeterMenuBar: setRunning(true, *local*)
2020-06-12 15:15:24,439 INFO o.a.j.e.StandardJMeterEngine: Starting ThreadGroup: 1 : Thread Group
2020-06-12 15:15:24,439 INFO o.a.j.e.StandardJMeterEngine: Starting 5 threads for group Thread Group.
2020-06-12 15:15:24,439 INFO o.a.j.e.StandardJMeterEngine: Thread will continue on error
2020-06-12 15:15:24,439 INFO o.a.j.t.ThreadGroup: Starting thread group... number=1 threads=5 ramp-up=10 perThread=2000.0 delayedStart=false
2020-06-12 15:15:24,440 INFO o.a.j.t.JMeterThread: Thread started: Thread Group 1-1
2020-06-12 15:15:24,441 INFO o.a.j.t.ThreadGroup: Started thread group number 1
2020-06-12 15:15:24,442 INFO o.a.j.e.StandardJMeterEngine: All thread groups have been started
2020-06-12 15:15:24,555 INFO o.a.j.t.JMeterThread: Thread is done: Thread Group 1-1
2020-06-12 15:15:24,555 INFO o.a.j.t.JMeterThread: Thread finished: Thread Group 1-1
2020-06-12 15:15:26,441 INFO o.a.j.t.JMeterThread: Thread started: Thread Group 1-2
2020-06-12 15:15:27,070 INFO o.a.j.t.JMeterThread: Thread is done: Thread Group 1-2
2020-06-12 15:15:27,070 INFO o.a.j.t.JMeterThread: Thread finished: Thread Group 1-2
2020-06-12 15:15:28,442 INFO o.a.j.t.JMeterThread: Thread started: Thread Group 1-3
2020-06-12 15:15:28,546 INFO o.a.j.t.JMeterThread: Thread is done: Thread Group 1-3
2020-06-12 15:15:28,547 INFO o.a.j.t.JMeterThread: Thread finished: Thread Group 1-3
2020-06-12 15:15:30,443 INFO o.a.j.t.JMeterThread: Thread started: Thread Group 1-4
2020-06-12 15:15:30,542 INFO o.a.j.t.JMeterThread: Thread is done: Thread Group 1-4
2020-06-12 15:15:30,542 INFO o.a.j.t.JMeterThread: Thread finished: Thread Group 1-4
2020-06-12 15:15:32,442 INFO o.a.j.t.JMeterThread: Thread started: Thread Group 1-5
2020-06-12 15:15:32,544 INFO o.a.j.t.JMeterThread: Thread is done: Thread Group 1-5
2020-06-12 15:15:32,544 INFO o.a.j.t.JMeterThread: Thread finished: Thread Group 1-5
2020-06-12 15:15:32,544 INFO o.a.j.e.StandardJMeterEngine: Notifying test listeners of end of test
2020-06-12 15:15:32,545 INFO o.a.j.g.u.JMeterMenuBar: setRunning(false, *local*)
